<?xml version="1.0" encoding="UTF-8"?>
<!-- Generated by org.testng.reporters.JUnitXMLReporter -->
<testsuite hostname="Sifat-PC" ignored="0" name="LoginTest" tests="3" failures="0" timestamp="2021-02-12T17:28:06 BDT" time="0.103" errors="0">
  <testcase name="@BeforeTest startreport" time="-1.613129286718E9" classname="com.ExtantReport.LoginExtantCustomizeReport">
    <failure type="org.testng.TestNGException" message="
Parameter &amp;apos;OS&amp;apos; is required by BeforeTest on method startreport but has not been marked @Optional or defined
in G:\Multi\SeleniumWebDriverEclipse\mavenAutomationSelenium\testng.xml">
      <![CDATA[org.testng.TestNGException: 
Parameter 'OS' is required by BeforeTest on method startreport but has not been marked @Optional or defined
in G:\Multi\SeleniumWebDriverEclipse\mavenAutomationSelenium\testng.xml
... Removed 21 stack frames]]>
    </failure>
  </testcase> <!-- @BeforeTest startreport -->
  <testcase name="@AfterMethod getResult" time="-1.613129286783E9" classname="com.ExtantReport.LoginExtantCustomizeReport">
    <skipped/>
  </testcase> <!-- @AfterMethod getResult -->
  <testcase name="@AfterMethod getResult" time="-1.613129286799E9" classname="com.ExtantReport.LoginExtantCustomizeReport">
    <skipped/>
  </testcase> <!-- @AfterMethod getResult -->
  <testcase name="@AfterMethod getResult" time="-1.613129286806E9" classname="com.ExtantReport.LoginExtantCustomizeReport">
    <skipped/>
  </testcase> <!-- @AfterMethod getResult -->
  <testcase name="@AfterTest TestComplete" time="-1.613129286811E9" classname="com.ExtantReport.LoginExtantCustomizeReport">
    <skipped/>
  </testcase> <!-- @AfterTest TestComplete -->
  <testcase name="LoginTC_001" time="0.0" classname="com.ExtantReport.LoginExtantCustomizeReport">
    <skipped/>
  </testcase> <!-- LoginTC_001 -->
  <testcase name="LoginTC_002" time="0.0" classname="com.ExtantReport.LoginExtantCustomizeReport">
    <skipped/>
  </testcase> <!-- LoginTC_002 -->
  <testcase name="LoginTC_003" time="0.0" classname="com.ExtantReport.LoginExtantCustomizeReport">
    <skipped/>
  </testcase> <!-- LoginTC_003 -->
</testsuite> <!-- LoginTest -->
